[debug] [2025-05-14T10:05:46.430Z] ----------------------------------------------------------------------
[debug] [2025-05-14T10:05:46.434Z] Command:       C:\nvm4w\nodejs\node.exe C:\Users\nalin\AppData\Roaming\npm\node_modules\firebase-tools\lib\bin\firebase.js init hosting
[debug] [2025-05-14T10:05:46.435Z] CLI Version:   14.3.1
[debug] [2025-05-14T10:05:46.435Z] Platform:      win32
[debug] [2025-05-14T10:05:46.435Z] Node Version:  v22.14.0
[debug] [2025-05-14T10:05:46.435Z] Time:          Wed May 14 2025 07:05:46 GMT-0300 (Brasilia Standard Time)
[debug] [2025-05-14T10:05:46.436Z] ----------------------------------------------------------------------
[debug] 
[debug] [2025-05-14T10:05:46.680Z] > command requires scopes: ["email","openid","https://www.googleapis.com/auth/cloudplatformprojects.readonly","https://www.googleapis.com/auth/firebase","https://www.googleapis.com/auth/cloud-platform"]
[debug] [2025-05-14T10:05:46.680Z] > authorizing via signed-in user (reniustech@gmail.com)
[info] 
     ######## #### ########  ######## ########     ###     ######  ########
     ##        ##  ##     ## ##       ##     ##  ##   ##  ##       ##
     ######    ##  ########  ######   ########  #########  ######  ######
     ##        ##  ##    ##  ##       ##     ## ##     ##       ## ##
     ##       #### ##     ## ######## ########  ##     ##  ######  ########

You're about to initialize a Firebase project in this directory:

  C:\Users\nalin\Desktop\Projects\LandingPages\FlashMind

Before we get started, keep in mind:

  * You are initializing within an existing Firebase project directory

